  stdafx.cpp
  Client.cpp
  UI.cpp
c:\users\dev.bae\desktop\girt _po\sr-maple\client\private\ui.cpp(28): warning C4244: '인수': 'const unsigned int'에서 'FLOAT'(으)로 변환하면서 데이터가 손실될 수 있습니다.
c:\users\dev.bae\desktop\girt _po\sr-maple\client\private\ui.cpp(49): warning C4244: '인수': 'Engine::_float'에서 'int'(으)로 변환하면서 데이터가 손실될 수 있습니다.
  TestBox.cpp
  Terrain.cpp
  Sky.cpp
  Player.cpp
  Monster.cpp
c:\users\dev.bae\desktop\girt _po\sr-maple\client\private\monster.cpp(105): warning C4244: '인수': 'Engine::_float'에서 'Engine::_uint'(으)로 변환하면서 데이터가 손실될 수 있습니다.
  MainApp.cpp
  Loader.cpp
  Level_Logo.cpp
  Level_Loading.cpp
  Level_GamePlay.cpp
c:\users\dev.bae\desktop\girt _po\sr-maple\client\private\level_gameplay.cpp(122): warning C4244: '=': 'float'에서 'Engine::_int'(으)로 변환하면서 데이터가 손실될 수 있습니다.
c:\users\dev.bae\desktop\girt _po\sr-maple\client\private\level_gameplay.cpp(123): warning C4244: '=': 'float'에서 'Engine::_int'(으)로 변환하면서 데이터가 손실될 수 있습니다.
c:\users\dev.bae\desktop\girt _po\sr-maple\client\private\level_gameplay.cpp(124): warning C4244: '=': 'float'에서 'Engine::_int'(으)로 변환하면서 데이터가 손실될 수 있습니다.
  CubeTerrain.cpp
  Camera_Dynamic.cpp
  BackGround.cpp
  코드를 생성하고 있습니다...
c:\users\dev.bae\desktop\girt _po\sr-maple\client\private\level_gameplay.cpp(128): warning C4715: 'Client::CLevel_GamePlay::Ready_Layer_TestBox': 모든 제어 경로에서 값을 반환하지는 않습니다.
  LINK : ..\Bin\Client.exe을(를) 찾을 수 없거나 마지막 증분 링크에 의해 빌드되지 않았습니다. 전체 링크를 수행하고 있습니다.
  Client.vcxproj -> C:\Users\Dev.Bae\Desktop\girt _Po\sr-maple\Client\Default\..\Bin\Client.exe
  Client.vcxproj -> ..\Bin\Client.pdb (Full PDB)
